[33mYou or a plugin you are using have set `optimizeDeps.esbuildOptions` but this option is now deprecated. Vite now uses Rolldown to optimize the dependencies. Please use `optimizeDeps.rolldownOptions` instead.[39m
[33mBoth esbuild and oxc options were set. oxc options will be used and esbuild options will be ignored.[39m The following esbuild options were set: `{ loader: 'jsx', include: /src\/.*\.jsx?$/, exclude: [] }`
[36mvite v8.0.3 [32mbuilding client environment for production...[36m[39m
[2Ktransforming...✓ 3 modules transformed.
[31m✗[39m Build failed in 57ms
[31merror during build:
[31mBuild failed with 1 error:

[31m[builtin:vite-transform] Error:[0m Unexpected JSX expression
    [38;5;246m╭[0m[38;5;246m─[0m[38;5;246m[[0m src/index.js:10:3 [38;5;246m][0m
    [38;5;246m│[0m
 [38;5;246m10 │[0m ╭─▶ [38;5;249m [0m[38;5;249m [0m<React.StrictMode>
 [38;5;240m   ┆[0m ┆   
 [38;5;246m12 │[0m ├─▶   </React.StrictMode>
 [38;5;240m   │[0m │                           
 [38;5;240m   │[0m ╰─────────────────────────── 
 [38;5;240m   │[0m 
 [38;5;240m   │[0m [38;5;115mHelp[0m: JSX syntax is disabled and should be enabled via the parser options
[38;5;246m────╯[0m
[31m
    at aggregateBindingErrorsIntoJsError (file:///D:/Academia/PDC/A2/mesh-shift-visualizer/node_modules/rolldown/dist/shared/error-BLhcSyeg.mjs:48:18)
    at unwrapBindingResult (file:///D:/Academia/PDC/A2/mesh-shift-visualizer/node_modules/rolldown/dist/shared/error-BLhcSyeg.mjs:18:128)
    at #build (file:///D:/Academia/PDC/A2/mesh-shift-visualizer/node_modules/rolldown/dist/shared/rolldown-build-CPrIX9V6.mjs:3313:34)
    at async buildEnvironment (file:///D:/Academia/PDC/A2/mesh-shift-visualizer/node_modules/vite/dist/node/chunks/node.js:32849:64)
    at async Object.build (file:///D:/Academia/PDC/A2/mesh-shift-visualizer/node_modules/vite/dist/node/chunks/node.js:33271:19)
    at async Object.buildApp (file:///D:/Academia/PDC/A2/mesh-shift-visualizer/node_modules/vite/dist/node/chunks/node.js:33268:153)
    at async CAC.<anonymous> (file:///D:/Academia/PDC/A2/mesh-shift-visualizer/node_modules/vite/dist/node/cli.js:778:3) {
  errors: [Getter/Setter]
}[39m
